#
# There is insufficient memory for the Java Runtime Environment to continue.
# Native memory allocation (mmap) failed to map 132120576 bytes for G1 virtual space
# Possible reasons:
#   The system is out of physical RAM or swap space
#   The process is running with CompressedOops enabled, and the Java Heap may be blocking the growth of the native heap
# Possible solutions:
#   Reduce memory load on the system
#   Increase physical memory or swap space
#   Check if swap backing store is full
#   Decrease Java heap size (-Xmx/-Xms)
#   Decrease number of Java threads
#   Decrease Java thread stack sizes (-Xss)
#   Set larger code cache with -XX:ReservedCodeCacheSize=
#   JVM is running with Unscaled Compressed Oops mode in which the Java heap is
#     placed in the first 4GB address space. The Java Heap base address is the
#     maximum limit for the native heap growth. Please use -XX:HeapBaseMinAddress
#     to set the Java Heap base and to place the Java Heap above 4GB virtual address.
# This output file may be truncated or incomplete.
#
#  Out of Memory Error (os_windows.cpp:3769), pid=6160, tid=7512
#
# JRE version:  (17.0.6+10) (build )
# Java VM: OpenJDK 64-Bit Server VM (17.0.6+10-b829.9, mixed mode, sharing, tiered, compressed oops, compressed class ptrs, g1 gc, windows-amd64)
# No core dump will be written. Minidumps are not enabled by default on client versions of Windows
#

---------------  S U M M A R Y ------------

Command Line: git4idea.http.GitAskPassApp Username for 'https://github.com': 

Host: Intel(R) Core(TM) i5-10500 CPU @ 3.10GHz, 12 cores, 7G,  Windows 10 , 64 bit Build 19041 (10.0.19041.3570)
Time: Fri Mar  8 11:14:38 2024 Mitteleuropäische Zeit elapsed time: 0.037646 seconds (0d 0h 0m 0s)

---------------  T H R E A D  ---------------

Current thread (0x00000186156e4d70):  JavaThread "Unknown thread" [_thread_in_vm, id=7512, stack(0x000000164a900000,0x000000164aa00000)]

Stack: [0x000000164a900000,0x000000164aa00000]
Native frames: (J=compiled Java code, j=interpreted, Vv=VM code, C=native code)
V  [jvm.dll+0x683c5a]
V  [jvm.dll+0x842764]
V  [jvm.dll+0x843f5e]
V  [jvm.dll+0x8445c3]
V  [jvm.dll+0x249b75]
V  [jvm.dll+0x680b29]
V  [jvm.dll+0x67501a]
V  [jvm.dll+0x309acb]
V  [jvm.dll+0x310f86]
V  [jvm.dll+0x3608ee]
V  [jvm.dll+0x360b1f]
V  [jvm.dll+0x2dfbf8]
V  [jvm.dll+0x2e0b64]
V  [jvm.dll+0x814051]
V  [jvm.dll+0x36e6a1]
V  [jvm.dll+0x7f358c]
V  [jvm.dll+0x3f0e8f]
V  [jvm.dll+0x3f29d1]
C  [jli.dll+0x526b]
C  [ucrtbase.dll+0x21bb2]
C  [KERNEL32.DLL+0x17344]
C  [ntdll.dll+0x526b1]


---------------  P R O C E S S  ---------------

Threads class SMR info:
_java_thread_list=0x00007ffef6cac058, length=0, elements={
}

Java Threads: ( => current thread )

Other Threads:
  0x0000018615741ae0 GCTaskThread "GC Thread#0" [stack: 0x000000164aa00000,0x000000164ab00000] [id=9508]
  0x0000018615752320 ConcurrentGCThread "G1 Main Marker" [stack: 0x000000164ab00000,0x000000164ac00000] [id=13172]
  0x0000018615752d30 ConcurrentGCThread "G1 Conc#0" [stack: 0x000000164ac00000,0x000000164ad00000] [id=10380]

[error occurred during error reporting (printing all threads), id 0xc0000005, EXCEPTION_ACCESS_VIOLATION (0xc0000005) at pc=0x00007ffef6460797]

VM state: not at safepoint (not fully initialized)

VM Mutex/Monitor currently owned by a thread:  ([mutex/lock_event])
[0x00000186156e0660] Heap_lock - owner thread: 0x00000186156e4d70

Heap address: 0x0000000083800000, size: 1992 MB, Compressed Oops mode: 32-bit

CDS archive(s) mapped at: [0x0000000000000000-0x0000000000000000-0x0000000000000000), size 0, SharedBaseAddress: 0x0000000800000000, ArchiveRelocationMode: 0.
Narrow klass base: 0x0000000000000000, Narrow klass shift: 0, Narrow klass range: 0x0

GC Precious Log:
<Empty>

Heap:
 garbage-first heap   total 0K, used 0K [0x0000000083800000, 0x0000000100000000)
  region size 1024K, 0 young (0K), 0 survivors (0K)

[error occurred during error reporting (printing heap information), id 0xc0000005, EXCEPTION_ACCESS_VIOLATION (0xc0000005) at pc=0x00007ffef684da49]

GC Heap History (0 events):
No events

Dll operation events (1 events):
Event: 0.017 Loaded shared library C:\Program Files\JetBrains\IntelliJ IDEA Community Edition 2023.1.1\jbr\bin\java.dll

Deoptimization events (0 events):
No events

Classes unloaded (0 events):
No events

Classes redefined (0 events):
No events

Internal exceptions (0 events):
No events

VM Operations (0 events):
No events

Events (0 events):
No events


Dynamic libraries:
0x00007ff609b40000 - 0x00007ff609b4a000 	C:\Program Files\JetBrains\IntelliJ IDEA Community Edition 2023.1.1\jbr\bin\java.exe
0x00007fff3c490000 - 0x00007fff3c687000 	C:\windows\SYSTEM32\ntdll.dll
0x00007fff3bce0000 - 0x00007fff3bd9d000 	C:\windows\System32\KERNEL32.DLL
0x00007fff39d00000 - 0x00007fff39ff6000 	C:\windows\System32\KERNELBASE.dll
0x00007fff3a3f0000 - 0x00007fff3a4f0000 	C:\windows\System32\ucrtbase.dll
0x00007ffeef740000 - 0x00007ffeef757000 	C:\Program Files\JetBrains\IntelliJ IDEA Community Edition 2023.1.1\jbr\bin\jli.dll
0x00007fff0fb00000 - 0x00007fff0fb1b000 	C:\Program Files\JetBrains\IntelliJ IDEA Community Edition 2023.1.1\jbr\bin\VCRUNTIME140.dll
0x00007fff3ac60000 - 0x00007fff3adfe000 	C:\windows\System32\USER32.dll
0x00007fff1d2e0000 - 0x00007fff1d57a000 	C:\windows\WinSxS\amd64_microsoft.windows.common-controls_6595b64144ccf1df_6.0.19041.3570_none_60bb2a3971f3e41a\COMCTL32.dll
0x00007fff3a310000 - 0x00007fff3a332000 	C:\windows\System32\win32u.dll
0x00007fff3c290000 - 0x00007fff3c32e000 	C:\windows\System32\msvcrt.dll
0x00007fff3bb70000 - 0x00007fff3bb9c000 	C:\windows\System32\GDI32.dll
0x00007fff39be0000 - 0x00007fff39cfa000 	C:\windows\System32\gdi32full.dll
0x00007fff3a000000 - 0x00007fff3a09d000 	C:\windows\System32\msvcp_win.dll
0x00007fff3a6b0000 - 0x00007fff3a6e0000 	C:\windows\System32\IMM32.DLL
0x00007fff09540000 - 0x00007fff095e4000 	C:\Program Files\McAfee\Endpoint Security\Threat Prevention\Ips\EpMPApi.dll
0x00007fff3a700000 - 0x00007fff3a826000 	C:\windows\System32\RPCRT4.dll
0x00007fff3c3a0000 - 0x00007fff3c44e000 	C:\windows\System32\ADVAPI32.dll
0x00007fff3aaa0000 - 0x00007fff3ab3c000 	C:\windows\System32\sechost.dll
0x00007fff39b70000 - 0x00007fff39bd7000 	C:\windows\System32\WINTRUST.dll
0x00007fff3a0a0000 - 0x00007fff3a1fd000 	C:\windows\System32\CRYPT32.dll
0x00007fff39670000 - 0x00007fff39682000 	C:\windows\SYSTEM32\MSASN1.dll
0x0000000061af0000 - 0x0000000061afc000 	C:\Program Files\McAfee\Endpoint Security\Threat Prevention\Ips\EpMPThe.dll
0x00007fff1c660000 - 0x00007fff1c6bb000 	C:\Program Files\McAfee\Endpoint Security\Threat Prevention\Ips\HIPHandlers64.dll
0x00007fff3af80000 - 0x00007fff3b6c4000 	C:\windows\System32\SHELL32.dll
0x00007fff3abf0000 - 0x00007fff3ac45000 	C:\windows\System32\SHLWAPI.dll
0x00007fff37d40000 - 0x00007fff37f24000 	C:\windows\SYSTEM32\dbghelp.dll
0x00007fff22860000 - 0x00007fff2286c000 	C:\Program Files\JetBrains\IntelliJ IDEA Community Edition 2023.1.1\jbr\bin\vcruntime140_1.dll
0x00007fff0b860000 - 0x00007fff0b8ed000 	C:\Program Files\JetBrains\IntelliJ IDEA Community Edition 2023.1.1\jbr\bin\msvcp140.dll
0x00007ffef6170000 - 0x00007ffef6dde000 	C:\Program Files\JetBrains\IntelliJ IDEA Community Edition 2023.1.1\jbr\bin\server\jvm.dll
0x00007fff30fd0000 - 0x00007fff30fda000 	C:\windows\SYSTEM32\VERSION.dll
0x00007fff36310000 - 0x00007fff36319000 	C:\windows\SYSTEM32\WSOCK32.dll
0x00007fff1e460000 - 0x00007fff1e487000 	C:\windows\SYSTEM32\WINMM.dll
0x0000018614a40000 - 0x0000018614aab000 	C:\windows\System32\WS2_32.dll
0x00007fff38440000 - 0x00007fff38452000 	C:\windows\SYSTEM32\kernel.appcore.dll
0x00007fff36300000 - 0x00007fff3630a000 	C:\Program Files\JetBrains\IntelliJ IDEA Community Edition 2023.1.1\jbr\bin\jimage.dll
0x00007fff0fb60000 - 0x00007fff0fb94000 	C:\windows\SYSTEM32\dbgcore.DLL
0x00007fff3a280000 - 0x00007fff3a302000 	C:\windows\System32\bcryptPrimitives.dll
0x00007fff34f60000 - 0x00007fff34f85000 	C:\Program Files\JetBrains\IntelliJ IDEA Community Edition 2023.1.1\jbr\bin\java.dll

dbghelp: loaded successfully - version: 4.0.5 - missing functions: none
symbol engine: initialized successfully - sym options: 0x614 - pdb path: .;C:\Program Files\JetBrains\IntelliJ IDEA Community Edition 2023.1.1\jbr\bin;C:\windows\SYSTEM32;C:\windows\WinSxS\amd64_microsoft.windows.common-controls_6595b64144ccf1df_6.0.19041.3570_none_60bb2a3971f3e41a;C:\Program Files\McAfee\Endpoint Security\Threat Prevention\Ips;C:\Program Files\JetBrains\IntelliJ IDEA Community Edition 2023.1.1\jbr\bin\server

VM Arguments:
java_command: git4idea.http.GitAskPassApp Username for 'https://github.com': 
java_class_path (initial): C:/Program Files/JetBrains/IntelliJ IDEA Community Edition 2023.1.1/plugins/vcs-git/lib/git4idea-rt.jar;C:/Program Files/JetBrains/IntelliJ IDEA Community Edition 2023.1.1/lib/externalProcess-rt.jar
Launcher Type: SUN_STANDARD

[Global flags]
     intx CICompilerCount                          = 4                                         {product} {ergonomic}
     uint ConcGCThreads                            = 3                                         {product} {ergonomic}
     uint G1ConcRefinementThreads                  = 10                                        {product} {ergonomic}
   size_t G1HeapRegionSize                         = 1048576                                   {product} {ergonomic}
    uintx GCDrainStackTargetSize                   = 64                                        {product} {ergonomic}
   size_t InitialHeapSize                          = 132120576                                 {product} {ergonomic}
   size_t MarkStackSize                            = 4194304                                   {product} {ergonomic}
   size_t MaxHeapSize                              = 2088763392                                {product} {ergonomic}
   size_t MinHeapDeltaBytes                        = 1048576                                   {product} {ergonomic}
   size_t MinHeapSize                              = 8388608                                   {product} {ergonomic}
    uintx NonNMethodCodeHeapSize                   = 5839372                                {pd product} {ergonomic}
    uintx NonProfiledCodeHeapSize                  = 122909434                              {pd product} {ergonomic}
    uintx ProfiledCodeHeapSize                     = 122909434                              {pd product} {ergonomic}
    uintx ReservedCodeCacheSize                    = 251658240                              {pd product} {ergonomic}
     bool SegmentedCodeCache                       = true                                      {product} {ergonomic}
   size_t SoftMaxHeapSize                          = 2088763392                             {manageable} {ergonomic}
     bool UseCompressedClassPointers               = true                           {product lp64_product} {ergonomic}
     bool UseCompressedOops                        = true                           {product lp64_product} {ergonomic}
     bool UseG1GC                                  = true                                      {product} {ergonomic}
     bool UseLargePagesIndividualAllocation        = false                                  {pd product} {ergonomic}

Logging:
Log output configuration:
 #0: stdout all=warning uptime,level,tags
 #1: stderr all=off uptime,level,tags

Environment Variables:
JAVA_HOME=C:\Program Files\Java\jdk-17.0.3.1
PATH=C:\Program Files\Git\mingw64\libexec\git-core;C:\Program Files\Git\mingw64\libexec\git-core;C:\Program Files\Git\mingw64\bin;C:\Program Files\Git\usr\bin;H:\bin;C:\Program Files\Common Files\Oracle\Java\javapath;C:\Program Files (x86)\VMware\VMware Player\bin;C:\windows\system32;C:\windows;C:\windows\System32\Wbem;C:\windows\System32\WindowsPowerShell\v1.0;C:\windows\System32\OpenSSH;C:\Program Files\Java\jdk-17.0.3.1\bin;C:\Qt\Tools\mingw810_64\bin;C:\apache-maven-3.8.5\bin;C:\Program Files\PuTTY;C:\Program Files\leJOS EV3\bin;C:\ProgramData\chocolatey\bin;C:\Program Files\Git\cmd;C:\Users\muelfarth_jan\AppData\Local\Microsoft\WindowsApps
USERNAME=muelfarth_jan
DISPLAY=:0.0
LC_ALL=en_US.UTF-8
TERM=xterm-256color
TMPDIR=C:\Users\MUELFA~1\AppData\Local\Temp
OS=Windows_NT
PROCESSOR_IDENTIFIER=Intel64 Family 6 Model 165 Stepping 3, GenuineIntel
TMP=C:\Users\MUELFA~1\AppData\Local\Temp
TEMP=C:\Users\MUELFA~1\AppData\Local\Temp


JNI global refs:

[error occurred during error reporting (JNI global references), id 0xc0000005, EXCEPTION_ACCESS_VIOLATION (0xc0000005) at pc=0x00007ffef6227a10]


---------------  S Y S T E M  ---------------

OS:
 Windows 10 , 64 bit Build 19041 (10.0.19041.3570)
OS uptime: 0 days 3:12 hours

CPU: total 12 (initial active 12) (6 cores per cpu, 2 threads per core) family 6 model 165 stepping 3 microcode 0xf6, cx8, cmov, fxsr, ht, mmx, 3dnowpref, sse, sse2, sse3, ssse3, sse4.1, sse4.2, popcnt, lzcnt, tsc, tscinvbit, avx, avx2, aes, erms, clmul, bmi1, bmi2, adx, fma, vzeroupper, clflush, clflushopt

Memory: 4k page, system-wide physical 7967M (245M free)
TotalPageFile size 9247M (AvailPageFile size 20M)
current process WorkingSet (physical memory assigned to process): 12M, peak: 12M
current process commit charge ("private bytes"): 65M, peak: 191M

vm_info: OpenJDK 64-Bit Server VM (17.0.6+10-b829.9) for windows-amd64 JRE (17.0.6+10-b829.9), built on 2023-04-09 by "builduser" with MS VC++ 16.10 / 16.11 (VS2019)

END.
