#
# There is insufficient memory for the Java Runtime Environment to continue.
# Native memory allocation (mmap) failed to map 2064384 bytes for G1 virtual space
# Possible reasons:
#   The system is out of physical RAM or swap space
#   The process is running with CompressedOops enabled, and the Java Heap may be blocking the growth of the native heap
# Possible solutions:
#   Reduce memory load on the system
#   Increase physical memory or swap space
#   Check if swap backing store is full
#   Decrease Java heap size (-Xmx/-Xms)
#   Decrease number of Java threads
#   Decrease Java thread stack sizes (-Xss)
#   Set larger code cache with -XX:ReservedCodeCacheSize=
#   JVM is running with Unscaled Compressed Oops mode in which the Java heap is
#     placed in the first 4GB address space. The Java Heap base address is the
#     maximum limit for the native heap growth. Please use -XX:HeapBaseMinAddress
#     to set the Java Heap base and to place the Java Heap above 4GB virtual address.
# This output file may be truncated or incomplete.
#
#  Out of Memory Error (os_windows.cpp:3769), pid=12208, tid=3252
#
# JRE version:  (17.0.6+10) (build )
# Java VM: OpenJDK 64-Bit Server VM (17.0.6+10-b829.9, mixed mode, sharing, tiered, compressed oops, compressed class ptrs, g1 gc, windows-amd64)
# No core dump will be written. Minidumps are not enabled by default on client versions of Windows
#

---------------  S U M M A R Y ------------

Command Line: git4idea.http.GitAskPassApp Username for 'https://github.com': 

Host: Intel(R) Core(TM) i5-10500 CPU @ 3.10GHz, 12 cores, 7G,  Windows 10 , 64 bit Build 19041 (10.0.19041.3570)
Time: Fri Feb  2 10:30:35 2024 Mitteleuropäische Zeit elapsed time: 0.039040 seconds (0d 0h 0m 0s)

---------------  T H R E A D  ---------------

Current thread (0x000001fe64896350):  JavaThread "Unknown thread" [_thread_in_vm, id=3252, stack(0x000000aff8900000,0x000000aff8a00000)]

Stack: [0x000000aff8900000,0x000000aff8a00000]
Native frames: (J=compiled Java code, j=interpreted, Vv=VM code, C=native code)
V  [jvm.dll+0x683c5a]
V  [jvm.dll+0x842764]
V  [jvm.dll+0x843f5e]
V  [jvm.dll+0x8445c3]
V  [jvm.dll+0x249b75]
V  [jvm.dll+0x680b29]
V  [jvm.dll+0x67501a]
V  [jvm.dll+0x309acb]
V  [jvm.dll+0x310f86]
V  [jvm.dll+0x360903]
V  [jvm.dll+0x360b1f]
V  [jvm.dll+0x2dfbf8]
V  [jvm.dll+0x2e0b64]
V  [jvm.dll+0x814051]
V  [jvm.dll+0x36e6a1]
V  [jvm.dll+0x7f358c]
V  [jvm.dll+0x3f0e8f]
V  [jvm.dll+0x3f29d1]
C  [jli.dll+0x526b]
C  [ucrtbase.dll+0x21bb2]
C  [KERNEL32.DLL+0x17344]
C  [ntdll.dll+0x526b1]


---------------  P R O C E S S  ---------------

Threads class SMR info:
_java_thread_list=0x00007ffc90eec058, length=0, elements={
}

Java Threads: ( => current thread )

Other Threads:
  0x000001fe648f3160 GCTaskThread "GC Thread#0" [stack: 0x000000aff8a00000,0x000000aff8b00000] [id=4164]
  0x000001fe649038b0 ConcurrentGCThread "G1 Main Marker" [stack: 0x000000aff8b00000,0x000000aff8c00000] [id=13012]
  0x000001fe649041d0 ConcurrentGCThread "G1 Conc#0" [stack: 0x000000aff8c00000,0x000000aff8d00000] [id=16700]

[error occurred during error reporting (printing all threads), id 0xc0000005, EXCEPTION_ACCESS_VIOLATION (0xc0000005) at pc=0x00007ffc906a0797]

VM state: not at safepoint (not fully initialized)

VM Mutex/Monitor currently owned by a thread:  ([mutex/lock_event])
[0x000001fe64892720] Heap_lock - owner thread: 0x000001fe64896350

Heap address: 0x0000000083800000, size: 1992 MB, Compressed Oops mode: 32-bit

CDS archive(s) mapped at: [0x0000000000000000-0x0000000000000000-0x0000000000000000), size 0, SharedBaseAddress: 0x0000000800000000, ArchiveRelocationMode: 0.
Narrow klass base: 0x0000000000000000, Narrow klass shift: 0, Narrow klass range: 0x0

GC Precious Log:
<Empty>

Heap:
 garbage-first heap   total 0K, used 0K [0x0000000083800000, 0x0000000100000000)
  region size 1024K, 0 young (0K), 0 survivors (0K)

[error occurred during error reporting (printing heap information), id 0xc0000005, EXCEPTION_ACCESS_VIOLATION (0xc0000005) at pc=0x00007ffc90a8da49]

GC Heap History (0 events):
No events

Dll operation events (1 events):
Event: 0.019 Loaded shared library C:\Program Files\JetBrains\IntelliJ IDEA Community Edition 2023.1.1\jbr\bin\java.dll

Deoptimization events (0 events):
No events

Classes unloaded (0 events):
No events

Classes redefined (0 events):
No events

Internal exceptions (0 events):
No events

VM Operations (0 events):
No events

Events (0 events):
No events


Dynamic libraries:
0x00007ff6c5760000 - 0x00007ff6c576a000 	C:\Program Files\JetBrains\IntelliJ IDEA Community Edition 2023.1.1\jbr\bin\java.exe
0x00007ffcf66f0000 - 0x00007ffcf68e7000 	C:\windows\SYSTEM32\ntdll.dll
0x00007ffcf52f0000 - 0x00007ffcf53ad000 	C:\windows\System32\KERNEL32.DLL
0x00007ffcf4450000 - 0x00007ffcf4746000 	C:\windows\System32\KERNELBASE.dll
0x00007ffcf3f90000 - 0x00007ffcf4090000 	C:\windows\System32\ucrtbase.dll
0x00007ffce4160000 - 0x00007ffce4177000 	C:\Program Files\JetBrains\IntelliJ IDEA Community Edition 2023.1.1\jbr\bin\jli.dll
0x00007ffcdc950000 - 0x00007ffcdc96b000 	C:\Program Files\JetBrains\IntelliJ IDEA Community Edition 2023.1.1\jbr\bin\VCRUNTIME140.dll
0x00007ffcf64b0000 - 0x00007ffcf664e000 	C:\windows\System32\USER32.dll
0x00007ffcd7360000 - 0x00007ffcd75fa000 	C:\windows\WinSxS\amd64_microsoft.windows.common-controls_6595b64144ccf1df_6.0.19041.3570_none_60bb2a3971f3e41a\COMCTL32.dll
0x00007ffcf3f60000 - 0x00007ffcf3f82000 	C:\windows\System32\win32u.dll
0x00007ffcf4ad0000 - 0x00007ffcf4afc000 	C:\windows\System32\GDI32.dll
0x00007ffcf4190000 - 0x00007ffcf42aa000 	C:\windows\System32\gdi32full.dll
0x00007ffcf42b0000 - 0x00007ffcf434d000 	C:\windows\System32\msvcp_win.dll
0x00007ffcf6120000 - 0x00007ffcf61be000 	C:\windows\System32\msvcrt.dll
0x00007ffcf63d0000 - 0x00007ffcf6400000 	C:\windows\System32\IMM32.DLL
0x00007ffcc66e0000 - 0x00007ffcc6784000 	C:\Program Files\McAfee\Endpoint Security\Threat Prevention\Ips\EpMPApi.dll
0x00007ffcf4d80000 - 0x00007ffcf4ea6000 	C:\windows\System32\RPCRT4.dll
0x00007ffcf4c20000 - 0x00007ffcf4cce000 	C:\windows\System32\ADVAPI32.dll
0x00007ffcf5110000 - 0x00007ffcf51ac000 	C:\windows\System32\sechost.dll
0x00007ffcf4090000 - 0x00007ffcf40f7000 	C:\windows\System32\WINTRUST.dll
0x00007ffcf3e00000 - 0x00007ffcf3f5d000 	C:\windows\System32\CRYPT32.dll
0x00007ffcf38d0000 - 0x00007ffcf38e2000 	C:\windows\SYSTEM32\MSASN1.dll
0x0000000062a20000 - 0x0000000062a2c000 	C:\Program Files\McAfee\Endpoint Security\Threat Prevention\Ips\EpMPThe.dll
0x00007ffcd01a0000 - 0x00007ffcd01fb000 	C:\Program Files\McAfee\Endpoint Security\Threat Prevention\Ips\HIPHandlers64.dll
0x00007ffcf59d0000 - 0x00007ffcf6114000 	C:\windows\System32\SHELL32.dll
0x00007ffcf6370000 - 0x00007ffcf63c5000 	C:\windows\System32\SHLWAPI.dll
0x00007ffcf1fa0000 - 0x00007ffcf2184000 	C:\windows\SYSTEM32\dbghelp.dll
0x00007ffce4150000 - 0x00007ffce415c000 	C:\Program Files\JetBrains\IntelliJ IDEA Community Edition 2023.1.1\jbr\bin\vcruntime140_1.dll
0x00007ffcc6650000 - 0x00007ffcc66dd000 	C:\Program Files\JetBrains\IntelliJ IDEA Community Edition 2023.1.1\jbr\bin\msvcp140.dll
0x00007ffc903b0000 - 0x00007ffc9101e000 	C:\Program Files\JetBrains\IntelliJ IDEA Community Edition 2023.1.1\jbr\bin\server\jvm.dll
0x00007ffceb3c0000 - 0x00007ffceb3ca000 	C:\windows\SYSTEM32\VERSION.dll
0x00007ffcd8f40000 - 0x00007ffcd8f67000 	C:\windows\SYSTEM32\WINMM.dll
0x00007ffcf0680000 - 0x00007ffcf0689000 	C:\windows\SYSTEM32\WSOCK32.dll
0x00007ffcf5270000 - 0x00007ffcf52db000 	C:\windows\System32\WS2_32.dll
0x00007ffcf26d0000 - 0x00007ffcf26e2000 	C:\windows\SYSTEM32\kernel.appcore.dll
0x00007ffcf05b0000 - 0x00007ffcf05ba000 	C:\Program Files\JetBrains\IntelliJ IDEA Community Edition 2023.1.1\jbr\bin\jimage.dll
0x00007ffcc3990000 - 0x00007ffcc39c4000 	C:\windows\SYSTEM32\dbgcore.DLL
0x00007ffcf4100000 - 0x00007ffcf4182000 	C:\windows\System32\bcryptPrimitives.dll
0x00007ffcec930000 - 0x00007ffcec955000 	C:\Program Files\JetBrains\IntelliJ IDEA Community Edition 2023.1.1\jbr\bin\java.dll

dbghelp: loaded successfully - version: 4.0.5 - missing functions: none
symbol engine: initialized successfully - sym options: 0x614 - pdb path: .;C:\Program Files\JetBrains\IntelliJ IDEA Community Edition 2023.1.1\jbr\bin;C:\windows\SYSTEM32;C:\windows\WinSxS\amd64_microsoft.windows.common-controls_6595b64144ccf1df_6.0.19041.3570_none_60bb2a3971f3e41a;C:\Program Files\McAfee\Endpoint Security\Threat Prevention\Ips;C:\Program Files\JetBrains\IntelliJ IDEA Community Edition 2023.1.1\jbr\bin\server

VM Arguments:
java_command: git4idea.http.GitAskPassApp Username for 'https://github.com': 
java_class_path (initial): C:/Program Files/JetBrains/IntelliJ IDEA Community Edition 2023.1.1/plugins/vcs-git/lib/git4idea-rt.jar;C:/Program Files/JetBrains/IntelliJ IDEA Community Edition 2023.1.1/lib/externalProcess-rt.jar
Launcher Type: SUN_STANDARD

[Global flags]
     intx CICompilerCount                          = 4                                         {product} {ergonomic}
     uint ConcGCThreads                            = 3                                         {product} {ergonomic}
     uint G1ConcRefinementThreads                  = 10                                        {product} {ergonomic}
   size_t G1HeapRegionSize                         = 1048576                                   {product} {ergonomic}
    uintx GCDrainStackTargetSize                   = 64                                        {product} {ergonomic}
   size_t InitialHeapSize                          = 132120576                                 {product} {ergonomic}
   size_t MarkStackSize                            = 4194304                                   {product} {ergonomic}
   size_t MaxHeapSize                              = 2088763392                                {product} {ergonomic}
   size_t MinHeapDeltaBytes                        = 1048576                                   {product} {ergonomic}
   size_t MinHeapSize                              = 8388608                                   {product} {ergonomic}
    uintx NonNMethodCodeHeapSize                   = 5839372                                {pd product} {ergonomic}
    uintx NonProfiledCodeHeapSize                  = 122909434                              {pd product} {ergonomic}
    uintx ProfiledCodeHeapSize                     = 122909434                              {pd product} {ergonomic}
    uintx ReservedCodeCacheSize                    = 251658240                              {pd product} {ergonomic}
     bool SegmentedCodeCache                       = true                                      {product} {ergonomic}
   size_t SoftMaxHeapSize                          = 2088763392                             {manageable} {ergonomic}
     bool UseCompressedClassPointers               = true                           {product lp64_product} {ergonomic}
     bool UseCompressedOops                        = true                           {product lp64_product} {ergonomic}
     bool UseG1GC                                  = true                                      {product} {ergonomic}
     bool UseLargePagesIndividualAllocation        = false                                  {pd product} {ergonomic}

Logging:
Log output configuration:
 #0: stdout all=warning uptime,level,tags
 #1: stderr all=off uptime,level,tags

Environment Variables:
JAVA_HOME=C:\Program Files\Java\jdk-17.0.3.1
PATH=C:\Program Files\Git\mingw64\libexec\git-core;C:\Program Files\Git\mingw64\libexec\git-core;C:\Program Files\Git\mingw64\bin;C:\Program Files\Git\usr\bin;H:\bin;C:\Program Files\Common Files\Oracle\Java\javapath;C:\Program Files (x86)\VMware\VMware Player\bin;C:\windows\system32;C:\windows;C:\windows\System32\Wbem;C:\windows\System32\WindowsPowerShell\v1.0;C:\windows\System32\OpenSSH;C:\Program Files\Java\jdk-17.0.3.1\bin;C:\Qt\Tools\mingw810_64\bin;C:\apache-maven-3.8.5\bin;C:\Program Files\PuTTY;C:\Program Files\leJOS EV3\bin;C:\ProgramData\chocolatey\bin;C:\Program Files\Git\cmd;C:\Users\gerschau_jon\AppData\Local\Microsoft\WindowsApps
USERNAME=gerschau_jon
DISPLAY=:0.0
LC_ALL=en_US.UTF-8
TERM=xterm-256color
TMPDIR=C:\Users\GERSCH~1\AppData\Local\Temp
OS=Windows_NT
PROCESSOR_IDENTIFIER=Intel64 Family 6 Model 165 Stepping 3, GenuineIntel
TMP=C:\Users\GERSCH~1\AppData\Local\Temp
TEMP=C:\Users\GERSCH~1\AppData\Local\Temp


JNI global refs:

[error occurred during error reporting (JNI global references), id 0xc0000005, EXCEPTION_ACCESS_VIOLATION (0xc0000005) at pc=0x00007ffc90467a10]


---------------  S Y S T E M  ---------------

OS:
 Windows 10 , 64 bit Build 19041 (10.0.19041.3570)
OS uptime: 0 days 2:31 hours

CPU: total 12 (initial active 12) (6 cores per cpu, 2 threads per core) family 6 model 165 stepping 3 microcode 0xf6, cx8, cmov, fxsr, ht, mmx, 3dnowpref, sse, sse2, sse3, ssse3, sse4.1, sse4.2, popcnt, lzcnt, tsc, tscinvbit, avx, avx2, aes, erms, clmul, bmi1, bmi2, adx, fma, vzeroupper, clflush, clflushopt

Memory: 4k page, system-wide physical 7967M (141M free)
TotalPageFile size 9247M (AvailPageFile size 6M)
current process WorkingSet (physical memory assigned to process): 12M, peak: 12M
current process commit charge ("private bytes"): 191M, peak: 193M

vm_info: OpenJDK 64-Bit Server VM (17.0.6+10-b829.9) for windows-amd64 JRE (17.0.6+10-b829.9), built on 2023-04-09 by "builduser" with MS VC++ 16.10 / 16.11 (VS2019)

END.
