#
# There is insufficient memory for the Java Runtime Environment to continue.
# Native memory allocation (malloc) failed to allocate 161760 bytes for Chunk::new
# Possible reasons:
#   The system is out of physical RAM or swap space
#   The process is running with CompressedOops enabled, and the Java Heap may be blocking the growth of the native heap
# Possible solutions:
#   Reduce memory load on the system
#   Increase physical memory or swap space
#   Check if swap backing store is full
#   Decrease Java heap size (-Xmx/-Xms)
#   Decrease number of Java threads
#   Decrease Java thread stack sizes (-Xss)
#   Set larger code cache with -XX:ReservedCodeCacheSize=
#   JVM is running with Unscaled Compressed Oops mode in which the Java heap is
#     placed in the first 4GB address space. The Java Heap base address is the
#     maximum limit for the native heap growth. Please use -XX:HeapBaseMinAddress
#     to set the Java Heap base and to place the Java Heap above 4GB virtual address.
# This output file may be truncated or incomplete.
#
#  Out of Memory Error (arena.cpp:189), pid=11512, tid=1488
#
# JRE version: OpenJDK Runtime Environment JBR-17.0.6+10-829.9-jcef (17.0.6+10) (build 17.0.6+10-b829.9)
# Java VM: OpenJDK 64-Bit Server VM JBR-17.0.6+10-829.9-jcef (17.0.6+10-b829.9, mixed mode, tiered, compressed oops, compressed class ptrs, g1 gc, windows-amd64)
# No core dump will be written. Minidumps are not enabled by default on client versions of Windows
#

---------------  S U M M A R Y ------------

Command Line: git4idea.http.GitAskPassApp Username for 'https://github.com': 

Host: Intel(R) Core(TM) i5-10500 CPU @ 3.10GHz, 12 cores, 7G,  Windows 10 , 64 bit Build 19041 (10.0.19041.3570)
Time: Fri Mar  1 12:40:18 2024 Mitteleuropäische Zeit elapsed time: 0.279676 seconds (0d 0h 0m 0s)

---------------  T H R E A D  ---------------

Current thread (0x00000239a9071010):  JavaThread "C2 CompilerThread0" daemon [_thread_in_native, id=1488, stack(0x0000005dda100000,0x0000005dda200000)]


Current CompileTask:
C2:    279  290       4       java.lang.StringLatin1::toUpperCase (186 bytes)

Stack: [0x0000005dda100000,0x0000005dda200000]
Native frames: (J=compiled Java code, j=interpreted, Vv=VM code, C=native code)
V  [jvm.dll+0x683c5a]
V  [jvm.dll+0x842764]
V  [jvm.dll+0x843f5e]
V  [jvm.dll+0x8445c3]
V  [jvm.dll+0x249b75]
V  [jvm.dll+0xabcac]
V  [jvm.dll+0xac27c]
V  [jvm.dll+0x368857]
V  [jvm.dll+0x332f31]
V  [jvm.dll+0x3323da]
V  [jvm.dll+0x21c201]
V  [jvm.dll+0x21b621]
V  [jvm.dll+0x1a4fdd]
V  [jvm.dll+0x22b098]
V  [jvm.dll+0x229159]
V  [jvm.dll+0x7f81ac]
V  [jvm.dll+0x7f270a]
V  [jvm.dll+0x682a95]
C  [ucrtbase.dll+0x21bb2]
C  [KERNEL32.DLL+0x17344]
C  [ntdll.dll+0x526b1]


---------------  P R O C E S S  ---------------

Threads class SMR info:
_java_thread_list=0x00000239a91e4650, length=12, elements={
0x000002398e0fa7d0, 0x00000239a901d000, 0x00000239a901dc80, 0x00000239a9026570,
0x00000239a9026f30, 0x00000239a90277f0, 0x00000239a90280b0, 0x00000239a9071010,
0x00000239a9071910, 0x00000239a9074220, 0x00000239a91fae40, 0x00000239a920f410
}

Java Threads: ( => current thread )
  0x000002398e0fa7d0 JavaThread "main" [_thread_in_vm, id=4572, stack(0x0000005dd9400000,0x0000005dd9500000)]
  0x00000239a901d000 JavaThread "Reference Handler" daemon [_thread_blocked, id=14284, stack(0x0000005dd9b00000,0x0000005dd9c00000)]
  0x00000239a901dc80 JavaThread "Finalizer" daemon [_thread_blocked, id=9992, stack(0x0000005dd9c00000,0x0000005dd9d00000)]
  0x00000239a9026570 JavaThread "Signal Dispatcher" daemon [_thread_blocked, id=9768, stack(0x0000005dd9d00000,0x0000005dd9e00000)]
  0x00000239a9026f30 JavaThread "Attach Listener" daemon [_thread_blocked, id=12824, stack(0x0000005dd9e00000,0x0000005dd9f00000)]
  0x00000239a90277f0 JavaThread "Service Thread" daemon [_thread_blocked, id=3132, stack(0x0000005dd9f00000,0x0000005dda000000)]
  0x00000239a90280b0 JavaThread "Monitor Deflation Thread" daemon [_thread_blocked, id=12868, stack(0x0000005dda000000,0x0000005dda100000)]
=>0x00000239a9071010 JavaThread "C2 CompilerThread0" daemon [_thread_in_native, id=1488, stack(0x0000005dda100000,0x0000005dda200000)]
  0x00000239a9071910 JavaThread "C1 CompilerThread0" daemon [_thread_blocked, id=13240, stack(0x0000005dda200000,0x0000005dda300000)]
  0x00000239a9074220 JavaThread "Sweeper thread" daemon [_thread_blocked, id=10384, stack(0x0000005dda300000,0x0000005dda400000)]
  0x00000239a91fae40 JavaThread "Notification Thread" daemon [_thread_blocked, id=3888, stack(0x0000005dda400000,0x0000005dda500000)]
  0x00000239a920f410 JavaThread "Common-Cleaner" daemon [_thread_blocked, id=3708, stack(0x0000005dda600000,0x0000005dda700000)]

Other Threads:
  0x00000239a832e4f0 VMThread "VM Thread" [stack: 0x0000005dd9a00000,0x0000005dd9b00000] [id=7276]
  0x000002398e181d20 WatcherThread [stack: 0x0000005dda500000,0x0000005dda600000] [id=13500]
  0x000002398e1555d0 GCTaskThread "GC Thread#0" [stack: 0x0000005dd9500000,0x0000005dd9600000] [id=13608]
  0x000002398e165d20 ConcurrentGCThread "G1 Main Marker" [stack: 0x0000005dd9600000,0x0000005dd9700000] [id=14292]
  0x000002398e166640 ConcurrentGCThread "G1 Conc#0" [stack: 0x0000005dd9700000,0x0000005dd9800000] [id=5800]
  0x00000239a81a0290 ConcurrentGCThread "G1 Refine#0" [stack: 0x0000005dd9800000,0x0000005dd9900000] [id=7632]
  0x00000239a81a0bc0 ConcurrentGCThread "G1 Service" [stack: 0x0000005dd9900000,0x0000005dd9a00000] [id=12320]

Threads with active compile tasks:
C2 CompilerThread0      306  290       4       java.lang.StringLatin1::toUpperCase (186 bytes)

VM state: not at safepoint (normal execution)

VM Mutex/Monitor currently owned by a thread:  ([mutex/lock_event])
[0x000002398e0f4840] Metaspace_lock - owner thread: 0x000002398e0fa7d0

Heap address: 0x0000000083800000, size: 1992 MB, Compressed Oops mode: 32-bit

CDS archive(s) not mapped
Compressed class space mapped at: 0x0000000100000000-0x0000000140000000, reserved size: 1073741824
Narrow klass base: 0x0000000000000000, Narrow klass shift: 3, Narrow klass range: 0x140000000

GC Precious Log:
 CPUs: 12 total, 12 available
 Memory: 7967M
 Large Page Support: Disabled
 NUMA Support: Disabled
 Compressed Oops: Enabled (32-bit)
 Heap Region Size: 1M
 Heap Min Capacity: 8M
 Heap Initial Capacity: 126M
 Heap Max Capacity: 1992M
 Pre-touch: Disabled
 Parallel Workers: 10
 Concurrent Workers: 3
 Concurrent Refinement Workers: 10
 Periodic GC: Disabled

Heap:
 garbage-first heap   total 129024K, used 3072K [0x0000000083800000, 0x0000000100000000)
  region size 1024K, 4 young (4096K), 0 survivors (0K)
 Metaspace       used 9190K, committed 9344K, reserved 1064960K
  class space    used 854K, committed 960K, reserved 1048576K

Heap Regions: E=young(eden), S=young(survivor), O=old, HS=humongous(starts), HC=humongous(continues), CS=collection set, F=free, OA=open archive, CA=closed archive, TAMS=top-at-mark-start (previous, next)
|   0|0x0000000083800000, 0x0000000083800000, 0x0000000083900000|  0%| F|  |TAMS 0x0000000083800000, 0x0000000083800000| Untracked 
|   1|0x0000000083900000, 0x0000000083900000, 0x0000000083a00000|  0%| F|  |TAMS 0x0000000083900000, 0x0000000083900000| Untracked 
|   2|0x0000000083a00000, 0x0000000083a00000, 0x0000000083b00000|  0%| F|  |TAMS 0x0000000083a00000, 0x0000000083a00000| Untracked 
|   3|0x0000000083b00000, 0x0000000083b00000, 0x0000000083c00000|  0%| F|  |TAMS 0x0000000083b00000, 0x0000000083b00000| Untracked 
|   4|0x0000000083c00000, 0x0000000083c00000, 0x0000000083d00000|  0%| F|  |TAMS 0x0000000083c00000, 0x0000000083c00000| Untracked 
|   5|0x0000000083d00000, 0x0000000083d00000, 0x0000000083e00000|  0%| F|  |TAMS 0x0000000083d00000, 0x0000000083d00000| Untracked 
|   6|0x0000000083e00000, 0x0000000083e00000, 0x0000000083f00000|  0%| F|  |TAMS 0x0000000083e00000, 0x0000000083e00000| Untracked 
|   7|0x0000000083f00000, 0x0000000083f00000, 0x0000000084000000|  0%| F|  |TAMS 0x0000000083f00000, 0x0000000083f00000| Untracked 
|   8|0x0000000084000000, 0x0000000084000000, 0x0000000084100000|  0%| F|  |TAMS 0x0000000084000000, 0x0000000084000000| Untracked 
|   9|0x0000000084100000, 0x0000000084100000, 0x0000000084200000|  0%| F|  |TAMS 0x0000000084100000, 0x0000000084100000| Untracked 
|  10|0x0000000084200000, 0x0000000084200000, 0x0000000084300000|  0%| F|  |TAMS 0x0000000084200000, 0x0000000084200000| Untracked 
|  11|0x0000000084300000, 0x0000000084300000, 0x0000000084400000|  0%| F|  |TAMS 0x0000000084300000, 0x0000000084300000| Untracked 
|  12|0x0000000084400000, 0x0000000084400000, 0x0000000084500000|  0%| F|  |TAMS 0x0000000084400000, 0x0000000084400000| Untracked 
|  13|0x0000000084500000, 0x0000000084500000, 0x0000000084600000|  0%| F|  |TAMS 0x0000000084500000, 0x0000000084500000| Untracked 
|  14|0x0000000084600000, 0x0000000084600000, 0x0000000084700000|  0%| F|  |TAMS 0x0000000084600000, 0x0000000084600000| Untracked 
|  15|0x0000000084700000, 0x0000000084700000, 0x0000000084800000|  0%| F|  |TAMS 0x0000000084700000, 0x0000000084700000| Untracked 
|  16|0x0000000084800000, 0x0000000084800000, 0x0000000084900000|  0%| F|  |TAMS 0x0000000084800000, 0x0000000084800000| Untracked 
|  17|0x0000000084900000, 0x0000000084900000, 0x0000000084a00000|  0%| F|  |TAMS 0x0000000084900000, 0x0000000084900000| Untracked 
|  18|0x0000000084a00000, 0x0000000084a00000, 0x0000000084b00000|  0%| F|  |TAMS 0x0000000084a00000, 0x0000000084a00000| Untracked 
|  19|0x0000000084b00000, 0x0000000084b00000, 0x0000000084c00000|  0%| F|  |TAMS 0x0000000084b00000, 0x0000000084b00000| Untracked 
|  20|0x0000000084c00000, 0x0000000084c00000, 0x0000000084d00000|  0%| F|  |TAMS 0x0000000084c00000, 0x0000000084c00000| Untracked 
|  21|0x0000000084d00000, 0x0000000084d00000, 0x0000000084e00000|  0%| F|  |TAMS 0x0000000084d00000, 0x0000000084d00000| Untracked 
|  22|0x0000000084e00000, 0x0000000084e00000, 0x0000000084f00000|  0%| F|  |TAMS 0x0000000084e00000, 0x0000000084e00000| Untracked 
|  23|0x0000000084f00000, 0x0000000084f00000, 0x0000000085000000|  0%| F|  |TAMS 0x0000000084f00000, 0x0000000084f00000| Untracked 
|  24|0x0000000085000000, 0x0000000085000000, 0x0000000085100000|  0%| F|  |TAMS 0x0000000085000000, 0x0000000085000000| Untracked 
|  25|0x0000000085100000, 0x0000000085100000, 0x0000000085200000|  0%| F|  |TAMS 0x0000000085100000, 0x0000000085100000| Untracked 
|  26|0x0000000085200000, 0x0000000085200000, 0x0000000085300000|  0%| F|  |TAMS 0x0000000085200000, 0x0000000085200000| Untracked 
|  27|0x0000000085300000, 0x0000000085300000, 0x0000000085400000|  0%| F|  |TAMS 0x0000000085300000, 0x0000000085300000| Untracked 
|  28|0x0000000085400000, 0x0000000085400000, 0x0000000085500000|  0%| F|  |TAMS 0x0000000085400000, 0x0000000085400000| Untracked 
|  29|0x0000000085500000, 0x0000000085500000, 0x0000000085600000|  0%| F|  |TAMS 0x0000000085500000, 0x0000000085500000| Untracked 
|  30|0x0000000085600000, 0x0000000085600000, 0x0000000085700000|  0%| F|  |TAMS 0x0000000085600000, 0x0000000085600000| Untracked 
|  31|0x0000000085700000, 0x0000000085700000, 0x0000000085800000|  0%| F|  |TAMS 0x0000000085700000, 0x0000000085700000| Untracked 
|  32|0x0000000085800000, 0x0000000085800000, 0x0000000085900000|  0%| F|  |TAMS 0x0000000085800000, 0x0000000085800000| Untracked 
|  33|0x0000000085900000, 0x0000000085900000, 0x0000000085a00000|  0%| F|  |TAMS 0x0000000085900000, 0x0000000085900000| Untracked 
|  34|0x0000000085a00000, 0x0000000085a00000, 0x0000000085b00000|  0%| F|  |TAMS 0x0000000085a00000, 0x0000000085a00000| Untracked 
|  35|0x0000000085b00000, 0x0000000085b00000, 0x0000000085c00000|  0%| F|  |TAMS 0x0000000085b00000, 0x0000000085b00000| Untracked 
|  36|0x0000000085c00000, 0x0000000085c00000, 0x0000000085d00000|  0%| F|  |TAMS 0x0000000085c00000, 0x0000000085c00000| Untracked 
|  37|0x0000000085d00000, 0x0000000085d00000, 0x0000000085e00000|  0%| F|  |TAMS 0x0000000085d00000, 0x0000000085d00000| Untracked 
|  38|0x0000000085e00000, 0x0000000085e00000, 0x0000000085f00000|  0%| F|  |TAMS 0x0000000085e00000, 0x0000000085e00000| Untracked 
|  39|0x0000000085f00000, 0x0000000085f00000, 0x0000000086000000|  0%| F|  |TAMS 0x0000000085f00000, 0x0000000085f00000| Untracked 
|  40|0x0000000086000000, 0x0000000086000000, 0x0000000086100000|  0%| F|  |TAMS 0x0000000086000000, 0x0000000086000000| Untracked 
|  41|0x0000000086100000, 0x0000000086100000, 0x0000000086200000|  0%| F|  |TAMS 0x0000000086100000, 0x0000000086100000| Untracked 
|  42|0x0000000086200000, 0x0000000086200000, 0x0000000086300000|  0%| F|  |TAMS 0x0000000086200000, 0x0000000086200000| Untracked 
|  43|0x0000000086300000, 0x0000000086300000, 0x0000000086400000|  0%| F|  |TAMS 0x0000000086300000, 0x0000000086300000| Untracked 
|  44|0x0000000086400000, 0x0000000086400000, 0x0000000086500000|  0%| F|  |TAMS 0x0000000086400000, 0x0000000086400000| Untracked 
|  45|0x0000000086500000, 0x0000000086500000, 0x0000000086600000|  0%| F|  |TAMS 0x0000000086500000, 0x0000000086500000| Untracked 
|  46|0x0000000086600000, 0x0000000086600000, 0x0000000086700000|  0%| F|  |TAMS 0x0000000086600000, 0x0000000086600000| Untracked 
|  47|0x0000000086700000, 0x0000000086700000, 0x0000000086800000|  0%| F|  |TAMS 0x0000000086700000, 0x0000000086700000| Untracked 
|  48|0x0000000086800000, 0x0000000086800000, 0x0000000086900000|  0%| F|  |TAMS 0x0000000086800000, 0x0000000086800000| Untracked 
|  49|0x0000000086900000, 0x0000000086900000, 0x0000000086a00000|  0%| F|  |TAMS 0x0000000086900000, 0x0000000086900000| Untracked 
|  50|0x0000000086a00000, 0x0000000086a00000, 0x0000000086b00000|  0%| F|  |TAMS 0x0000000086a00000, 0x0000000086a00000| Untracked 
|  51|0x0000000086b00000, 0x0000000086b00000, 0x0000000086c00000|  0%| F|  |TAMS 0x0000000086b00000, 0x0000000086b00000| Untracked 
|  52|0x0000000086c00000, 0x0000000086c00000, 0x0000000086d00000|  0%| F|  |TAMS 0x0000000086c00000, 0x0000000086c00000| Untracked 
|  53|0x0000000086d00000, 0x0000000086d00000, 0x0000000086e00000|  0%| F|  |TAMS 0x0000000086d00000, 0x0000000086d00000| Untracked 
|  54|0x0000000086e00000, 0x0000000086e00000, 0x0000000086f00000|  0%| F|  |TAMS 0x0000000086e00000, 0x0000000086e00000| Untracked 
|  55|0x0000000086f00000, 0x0000000086f00000, 0x0000000087000000|  0%| F|  |TAMS 0x0000000086f00000, 0x0000000086f00000| Untracked 
|  56|0x0000000087000000, 0x0000000087000000, 0x0000000087100000|  0%| F|  |TAMS 0x0000000087000000, 0x0000000087000000| Untracked 
|  57|0x0000000087100000, 0x0000000087100000, 0x0000000087200000|  0%| F|  |TAMS 0x0000000087100000, 0x0000000087100000| Untracked 
|  58|0x0000000087200000, 0x0000000087200000, 0x0000000087300000|  0%| F|  |TAMS 0x0000000087200000, 0x0000000087200000| Untracked 
|  59|0x0000000087300000, 0x0000000087300000, 0x0000000087400000|  0%| F|  |TAMS 0x0000000087300000, 0x0000000087300000| Untracked 
|  60|0x0000000087400000, 0x0000000087400000, 0x0000000087500000|  0%| F|  |TAMS 0x0000000087400000, 0x0000000087400000| Untracked 
|  61|0x0000000087500000, 0x0000000087500000, 0x0000000087600000|  0%| F|  |TAMS 0x0000000087500000, 0x0000000087500000| Untracked 
|  62|0x0000000087600000, 0x0000000087600000, 0x0000000087700000|  0%| F|  |TAMS 0x0000000087600000, 0x0000000087600000| Untracked 
|  63|0x0000000087700000, 0x0000000087700000, 0x0000000087800000|  0%| F|  |TAMS 0x0000000087700000, 0x0000000087700000| Untracked 
|  64|0x0000000087800000, 0x0000000087800000, 0x0000000087900000|  0%| F|  |TAMS 0x0000000087800000, 0x0000000087800000| Untracked 
|  65|0x0000000087900000, 0x0000000087900000, 0x0000000087a00000|  0%| F|  |TAMS 0x0000000087900000, 0x0000000087900000| Untracked 
|  66|0x0000000087a00000, 0x0000000087a00000, 0x0000000087b00000|  0%| F|  |TAMS 0x0000000087a00000, 0x0000000087a00000| Untracked 
|  67|0x0000000087b00000, 0x0000000087b00000, 0x0000000087c00000|  0%| F|  |TAMS 0x0000000087b00000, 0x0000000087b00000| Untracked 
|  68|0x0000000087c00000, 0x0000000087c00000, 0x0000000087d00000|  0%| F|  |TAMS 0x0000000087c00000, 0x0000000087c00000| Untracked 
|  69|0x0000000087d00000, 0x0000000087d00000, 0x0000000087e00000|  0%| F|  |TAMS 0x0000000087d00000, 0x0000000087d00000| Untracked 
|  70|0x0000000087e00000, 0x0000000087e00000, 0x0000000087f00000|  0%| F|  |TAMS 0x0000000087e00000, 0x0000000087e00000| Untracked 
|  71|0x0000000087f00000, 0x0000000087f00000, 0x0000000088000000|  0%| F|  |TAMS 0x0000000087f00000, 0x0000000087f00000| Untracked 
|  72|0x0000000088000000, 0x0000000088000000, 0x0000000088100000|  0%| F|  |TAMS 0x0000000088000000, 0x0000000088000000| Untracked 
|  73|0x0000000088100000, 0x0000000088100000, 0x0000000088200000|  0%| F|  |TAMS 0x0000000088100000, 0x0000000088100000| Untracked 
|  74|0x0000000088200000, 0x0000000088200000, 0x0000000088300000|  0%| F|  |TAMS 0x0000000088200000, 0x0000000088200000| Untracked 
|  75|0x0000000088300000, 0x0000000088300000, 0x0000000088400000|  0%| F|  |TAMS 0x0000000088300000, 0x0000000088300000| Untracked 
|  76|0x0000000088400000, 0x0000000088400000, 0x0000000088500000|  0%| F|  |TAMS 0x0000000088400000, 0x0000000088400000| Untracked 
|  77|0x0000000088500000, 0x0000000088500000, 0x0000000088600000|  0%| F|  |TAMS 0x0000000088500000, 0x0000000088500000| Untracked 
|  78|0x0000000088600000, 0x0000000088600000, 0x0000000088700000|  0%| F|  |TAMS 0x0000000088600000, 0x0000000088600000| Untracked 
|  79|0x0000000088700000, 0x0000000088700000, 0x0000000088800000|  0%| F|  |TAMS 0x0000000088700000, 0x0000000088700000| Untracked 
|  80|0x0000000088800000, 0x0000000088800000, 0x0000000088900000|  0%| F|  |TAMS 0x0000000088800000, 0x0000000088800000| Untracked 
|  81|0x0000000088900000, 0x0000000088900000, 0x0000000088a00000|  0%| F|  |TAMS 0x0000000088900000, 0x0000000088900000| Untracked 
|  82|0x0000000088a00000, 0x0000000088a00000, 0x0000000088b00000|  0%| F|  |TAMS 0x0000000088a00000, 0x0000000088a00000| Untracked 
|  83|0x0000000088b00000, 0x0000000088b00000, 0x0000000088c00000|  0%| F|  |TAMS 0x0000000088b00000, 0x0000000088b00000| Untracked 
|  84|0x0000000088c00000, 0x0000000088c00000, 0x0000000088d00000|  0%| F|  |TAMS 0x0000000088c00000, 0x0000000088c00000| Untracked 
|  85|0x0000000088d00000, 0x0000000088d00000, 0x0000000088e00000|  0%| F|  |TAMS 0x0000000088d00000, 0x0000000088d00000| Untracked 
|  86|0x0000000088e00000, 0x0000000088e00000, 0x0000000088f00000|  0%| F|  |TAMS 0x0000000088e00000, 0x0000000088e00000| Untracked 
|  87|0x0000000088f00000, 0x0000000088f00000, 0x0000000089000000|  0%| F|  |TAMS 0x0000000088f00000, 0x0000000088f00000| Untracked 
|  88|0x0000000089000000, 0x0000000089000000, 0x0000000089100000|  0%| F|  |TAMS 0x0000000089000000, 0x0000000089000000| Untracked 
|  89|0x0000000089100000, 0x0000000089100000, 0x0000000089200000|  0%| F|  |TAMS 0x0000000089100000, 0x0000000089100000| Untracked 
|  90|0x0000000089200000, 0x0000000089200000, 0x0000000089300000|  0%| F|  |TAMS 0x0000000089200000, 0x0000000089200000| Untracked 
|  91|0x0000000089300000, 0x0000000089300000, 0x0000000089400000|  0%| F|  |TAMS 0x0000000089300000, 0x0000000089300000| Untracked 
|  92|0x0000000089400000, 0x0000000089400000, 0x0000000089500000|  0%| F|  |TAMS 0x0000000089400000, 0x0000000089400000| Untracked 
|  93|0x0000000089500000, 0x0000000089500000, 0x0000000089600000|  0%| F|  |TAMS 0x0000000089500000, 0x0000000089500000| Untracked 
|  94|0x0000000089600000, 0x0000000089600000, 0x0000000089700000|  0%| F|  |TAMS 0x0000000089600000, 0x0000000089600000| Untracked 
|  95|0x0000000089700000, 0x0000000089700000, 0x0000000089800000|  0%| F|  |TAMS 0x0000000089700000, 0x0000000089700000| Untracked 
|  96|0x0000000089800000, 0x0000000089800000, 0x0000000089900000|  0%| F|  |TAMS 0x0000000089800000, 0x0000000089800000| Untracked 
|  97|0x0000000089900000, 0x0000000089900000, 0x0000000089a00000|  0%| F|  |TAMS 0x0000000089900000, 0x0000000089900000| Untracked 
|  98|0x0000000089a00000, 0x0000000089a00000, 0x0000000089b00000|  0%| F|  |TAMS 0x0000000089a00000, 0x0000000089a00000| Untracked 
|  99|0x0000000089b00000, 0x0000000089b00000, 0x0000000089c00000|  0%| F|  |TAMS 0x0000000089b00000, 0x0000000089b00000| Untracked 
| 100|0x0000000089c00000, 0x0000000089c00000, 0x0000000089d00000|  0%| F|  |TAMS 0x0000000089c00000, 0x0000000089c00000| Untracked 
| 101|0x0000000089d00000, 0x0000000089d00000, 0x0000000089e00000|  0%| F|  |TAMS 0x0000000089d00000, 0x0000000089d00000| Untracked 
| 102|0x0000000089e00000, 0x0000000089e00000, 0x0000000089f00000|  0%| F|  |TAMS 0x0000000089e00000, 0x0000000089e00000| Untracked 
| 103|0x0000000089f00000, 0x0000000089f00000, 0x000000008a000000|  0%| F|  |TAMS 0x0000000089f00000, 0x0000000089f00000| Untracked 
| 104|0x000000008a000000, 0x000000008a000000, 0x000000008a100000|  0%| F|  |TAMS 0x000000008a000000, 0x000000008a000000| Untracked 
| 105|0x000000008a100000, 0x000000008a100000, 0x000000008a200000|  0%| F|  |TAMS 0x000000008a100000, 0x000000008a100000| Untracked 
| 106|0x000000008a200000, 0x000000008a200000, 0x000000008a300000|  0%| F|  |TAMS 0x000000008a200000, 0x000000008a200000| Untracked 
| 107|0x000000008a300000, 0x000000008a300000, 0x000000008a400000|  0%| F|  |TAMS 0x000000008a300000, 0x000000008a300000| Untracked 
| 108|0x000000008a400000, 0x000000008a400000, 0x000000008a500000|  0%| F|  |TAMS 0x000000008a400000, 0x000000008a400000| Untracked 
| 109|0x000000008a500000, 0x000000008a500000, 0x000000008a600000|  0%| F|  |TAMS 0x000000008a500000, 0x000000008a500000| Untracked 
| 110|0x000000008a600000, 0x000000008a600000, 0x000000008a700000|  0%| F|  |TAMS 0x000000008a600000, 0x000000008a600000| Untracked 
| 111|0x000000008a700000, 0x000000008a700000, 0x000000008a800000|  0%| F|  |TAMS 0x000000008a700000, 0x000000008a700000| Untracked 
| 112|0x000000008a800000, 0x000000008a800000, 0x000000008a900000|  0%| F|  |TAMS 0x000000008a800000, 0x000000008a800000| Untracked 
| 113|0x000000008a900000, 0x000000008a900000, 0x000000008aa00000|  0%| F|  |TAMS 0x000000008a900000, 0x000000008a900000| Untracked 
| 114|0x000000008aa00000, 0x000000008aa00000, 0x000000008ab00000|  0%| F|  |TAMS 0x000000008aa00000, 0x000000008aa00000| Untracked 
| 115|0x000000008ab00000, 0x000000008ab00000, 0x000000008ac00000|  0%| F|  |TAMS 0x000000008ab00000, 0x000000008ab00000| Untracked 
| 116|0x000000008ac00000, 0x000000008ac00000, 0x000000008ad00000|  0%| F|  |TAMS 0x000000008ac00000, 0x000000008ac00000| Untracked 
| 117|0x000000008ad00000, 0x000000008ad00000, 0x000000008ae00000|  0%| F|  |TAMS 0x000000008ad00000, 0x000000008ad00000| Untracked 
| 118|0x000000008ae00000, 0x000000008ae00000, 0x000000008af00000|  0%| F|  |TAMS 0x000000008ae00000, 0x000000008ae00000| Untracked 
| 119|0x000000008af00000, 0x000000008af00000, 0x000000008b000000|  0%| F|  |TAMS 0x000000008af00000, 0x000000008af00000| Untracked 
| 120|0x000000008b000000, 0x000000008b000000, 0x000000008b100000|  0%| F|  |TAMS 0x000000008b000000, 0x000000008b000000| Untracked 
| 121|0x000000008b100000, 0x000000008b100000, 0x000000008b200000|  0%| F|  |TAMS 0x000000008b100000, 0x000000008b100000| Untracked 
| 122|0x000000008b200000, 0x000000008b2ec090, 0x000000008b300000| 92%| E|  |TAMS 0x000000008b200000, 0x000000008b200000| Complete 
| 123|0x000000008b300000, 0x000000008b400000, 0x000000008b400000|100%| E|CS|TAMS 0x000000008b300000, 0x000000008b300000| Complete 
| 124|0x000000008b400000, 0x000000008b500000, 0x000000008b500000|100%| E|CS|TAMS 0x000000008b400000, 0x000000008b400000| Complete 
| 125|0x000000008b500000, 0x000000008b600000, 0x000000008b600000|100%| E|CS|TAMS 0x000000008b500000, 0x000000008b500000| Complete 

Card table byte_map: [0x00000239a1170000,0x00000239a1560000] _byte_map_base: 0x00000239a0d54000

Marking Bits (Prev, Next): (CMBitMap*) 0x000002398e155af0, (CMBitMap*) 0x000002398e155b30
 Prev Bits: [0x00000239a1950000, 0x00000239a3870000)
 Next Bits: [0x00000239a3870000, 0x00000239a5790000)

Polling page: 0x000002398bcb0000

Metaspace:

Usage:
  Non-class:      8.14 MB used.
      Class:    854.84 KB used.
       Both:      8.98 MB used.

Virtual space:
  Non-class space:       16.00 MB reserved,       8.19 MB ( 51%) committed,  2 nodes.
      Class space:        1.00 GB reserved,     960.00 KB ( <1%) committed,  1 nodes.
             Both:        1.02 GB reserved,       9.12 MB ( <1%) committed. 

Chunk freelists:
   Non-Class:  2.97 MB
       Class:  3.10 MB
        Both:  6.07 MB

MaxMetaspaceSize: unlimited
CompressedClassSpaceSize: 1.00 GB
Initial GC threshold: 21.00 MB
Current GC threshold: 21.00 MB
CDS: off
MetaspaceReclaimPolicy: balanced
 - commit_granule_bytes: 65536.
 - commit_granule_words: 8192.
 - virtual_space_node_default_size: 1048576.
 - enlarge_chunks_in_place: 1.
 - new_chunks_are_fully_committed: 0.
 - uncommit_free_chunks: 1.
 - use_allocation_guard: 0.
 - handle_deallocations: 1.


Internal statistics:

num_allocs_failed_limit: 0.
num_arena_births: 20.
num_arena_deaths: 0.
num_vsnodes_births: 3.
num_vsnodes_deaths: 0.
num_space_committed: 146.
num_space_uncommitted: 0.
num_chunks_returned_to_freelist: 0.
num_chunks_taken_from_freelist: 52.
num_chunk_merges: 0.
num_chunk_splits: 25.
num_chunks_enlarged: 16.
num_purges: 0.
num_inconsistent_stats: 0.

CodeHeap 'non-profiled nmethods': size=120000Kb used=84Kb max_used=84Kb free=119915Kb
 bounds [0x0000023999300000, 0x0000023999570000, 0x00000239a0830000]
CodeHeap 'profiled nmethods': size=120000Kb used=423Kb max_used=423Kb free=119576Kb
 bounds [0x0000023991830000, 0x0000023991aa0000, 0x0000023998d60000]
CodeHeap 'non-nmethods': size=5760Kb used=1135Kb max_used=1147Kb free=4624Kb
 bounds [0x0000023998d60000, 0x0000023998fd0000, 0x0000023999300000]
 total_blobs=739 nmethods=317 adapters=335
 compilation: enabled
              stopped_count=0, restarted_count=0
 full_count=0

Compilation events (20 events):
Event: 0.272 Thread 0x00000239a9071910 nmethod 286 0x000002399188ac90 code [0x000002399188ae40, 0x000002399188b118]
Event: 0.272 Thread 0x00000239a9071910  287       3       java.util.stream.ReferencePipeline$3$1::accept (23 bytes)
Event: 0.272 Thread 0x00000239a9071910 nmethod 287 0x000002399188b210 code [0x000002399188b3c0, 0x000002399188b658]
Event: 0.272 Thread 0x00000239a9071910  288       3       java.lang.SecurityManager$$Lambda$12/0x00000001000e2730::accept (8 bytes)
Event: 0.272 Thread 0x00000239a9071910 nmethod 288 0x000002399188b790 code [0x000002399188b940, 0x000002399188bc48]
Event: 0.272 Thread 0x00000239a9071910  289       3       java.lang.SecurityManager::lambda$addNonExportedPackages$1 (14 bytes)
Event: 0.273 Thread 0x00000239a9071910 nmethod 289 0x000002399188bd90 code [0x000002399188bf40, 0x000002399188c0e8]
Event: 0.273 Thread 0x00000239a9071910  291       3       java.lang.Character::charCount (12 bytes)
Event: 0.273 Thread 0x00000239a9071010  290       4       java.lang.StringLatin1::toUpperCase (186 bytes)
Event: 0.273 Thread 0x00000239a9071910 nmethod 291 0x000002399188c210 code [0x000002399188c3a0, 0x000002399188c518]
Event: 0.273 Thread 0x00000239a9071910  292       3       java.lang.String::codePointAt (50 bytes)
Event: 0.273 Thread 0x00000239a9071910 nmethod 292 0x000002399188c590 code [0x000002399188c780, 0x000002399188cb28]
Event: 0.273 Thread 0x00000239a9071910  294       3       java.util.regex.Pattern::next (33 bytes)
Event: 0.273 Thread 0x00000239a9071910 nmethod 294 0x000002399188cd10 code [0x000002399188cec0, 0x000002399188d128]
Event: 0.273 Thread 0x00000239a9071910  295       3       java.util.regex.Pattern::append (43 bytes)
Event: 0.273 Thread 0x00000239a9071910 nmethod 295 0x000002399188d290 code [0x000002399188d460, 0x000002399188d858]
Event: 0.273 Thread 0x00000239a9071910  293       3       java.util.regex.Pattern::peek (26 bytes)
Event: 0.273 Thread 0x00000239a9071910 nmethod 293 0x000002399188da10 code [0x000002399188dbc0, 0x000002399188de28]
Event: 0.275 Thread 0x00000239a9071910  296       3       com.sun.crypto.provider.AESCrypt::mul4 (181 bytes)
Event: 0.275 Thread 0x00000239a9071910 nmethod 296 0x000002399188df90 code [0x000002399188e1e0, 0x000002399188ed78]

GC Heap History (0 events):
No events

Dll operation events (1 events):
Event: 0.009 Loaded shared library C:\Program Files\JetBrains\IntelliJ IDEA Community Edition 2023.1.1\jbr\bin\java.dll

Deoptimization events (0 events):
No events

Classes unloaded (0 events):
No events

Classes redefined (0 events):
No events

Internal exceptions (7 events):
Event: 0.254 Thread 0x000002398e0fa7d0 Exception <a 'sun/nio/fs/WindowsException'{0x000000008b3d91b0}> (0x000000008b3d91b0) 
thrown [s\src\hotspot\share\prims\jni.cpp, line 517]
Event: 0.266 Thread 0x000002398e0fa7d0 Exception <a 'java/lang/NoSuchMethodError'{0x000000008b205368}: 'int java.lang.invoke.DirectMethodHandle$Holder.invokeStaticInit(java.lang.Object, java.lang.Object, java.lang.Object, java.lang.Object)'> (0x000000008b205368) 
thrown [s\src\hotspot\share\interpreter\linkResolver.cpp, line 771]
Event: 0.267 Thread 0x000002398e0fa7d0 Exception <a 'java/lang/NoSuchMethodError'{0x000000008b20ffc8}: 'java.lang.Object java.lang.invoke.DirectMethodHandle$Holder.invokeInterface(java.lang.Object, java.lang.Object)'> (0x000000008b20ffc8) 
thrown [s\src\hotspot\share\interpreter\linkResolver.cpp, line 771]
Event: 0.268 Thread 0x000002398e0fa7d0 Exception <a 'java/lang/IncompatibleClassChangeError'{0x000000008b2138e8}: Found class java.lang.Object, but interface was expected> (0x000000008b2138e8) 
thrown [s\src\hotspot\share\interpreter\linkResolver.cpp, line 838]
Event: 0.268 Thread 0x000002398e0fa7d0 Exception <a 'java/lang/NoSuchMethodError'{0x000000008b216c98}: 'void java.lang.invoke.DirectMethodHandle$Holder.invokeStatic(java.lang.Object, java.lang.Object)'> (0x000000008b216c98) 
thrown [s\src\hotspot\share\interpreter\linkResolver.cpp, line 771]
Event: 0.268 Thread 0x000002398e0fa7d0 Exception <a 'java/lang/NoSuchMethodError'{0x000000008b21a5b0}: 'void java.lang.invoke.DirectMethodHandle$Holder.invokeStaticInit(java.lang.Object, java.lang.Object)'> (0x000000008b21a5b0) 
thrown [s\src\hotspot\share\interpreter\linkResolver.cpp, line 771]
Event: 0.269 Thread 0x000002398e0fa7d0 Exception <a 'java/lang/NoSuchMethodError'{0x000000008b220ea8}: 'int java.lang.invoke.DirectMethodHandle$Holder.invokeStaticInit(java.lang.Object, java.lang.Object)'> (0x000000008b220ea8) 
thrown [s\src\hotspot\share\interpreter\linkResolver.cpp, line 771]

VM Operations (4 events):
Event: 0.172 Executing VM operation: HandshakeAllThreads
Event: 0.172 Executing VM operation: HandshakeAllThreads done
Event: 0.188 Executing VM operation: HandshakeAllThreads
Event: 0.189 Executing VM operation: HandshakeAllThreads done

Events (20 events):
Event: 0.272 loading class javax/crypto/JceSecurityManager$1
Event: 0.272 loading class javax/crypto/JceSecurityManager$1 done
Event: 0.272 loading class com/sun/crypto/provider/DESedeCipher
Event: 0.272 loading class com/sun/crypto/provider/DESedeCipher done
Event: 0.273 loading class com/sun/crypto/provider/DESedeCrypt
Event: 0.273 loading class com/sun/crypto/provider/DESedeCrypt done
Event: 0.273 loading class com/sun/crypto/provider/AESCipher$General
Event: 0.273 loading class com/sun/crypto/provider/AESCipher
Event: 0.273 loading class com/sun/crypto/provider/AESCipher done
Event: 0.273 loading class com/sun/crypto/provider/AESCipher$General done
Event: 0.273 loading class com/sun/crypto/provider/AESCrypt
Event: 0.273 loading class com/sun/crypto/provider/AESConstants
Event: 0.273 loading class com/sun/crypto/provider/AESConstants done
Event: 0.273 loading class com/sun/crypto/provider/AESCrypt done
Event: 0.276 loading class sun/security/ssl/SSLCipher$T12GcmReadCipherGenerator
Event: 0.276 loading class sun/security/ssl/SSLCipher$T12GcmReadCipherGenerator done
Event: 0.277 loading class sun/security/ssl/SSLCipher$T12GcmWriteCipherGenerator
Event: 0.277 loading class sun/security/ssl/SSLCipher$T12GcmWriteCipherGenerator done
Event: 0.277 loading class com/sun/crypto/provider/GaloisCounterMode$AESGCM
Event: 0.277 loading class com/sun/crypto/provider/GaloisCounterMode


Dynamic libraries:
0x00007ff739280000 - 0x00007ff73928a000 	C:\Program Files\JetBrains\IntelliJ IDEA Community Edition 2023.1.1\jbr\bin\java.exe
0x00007ffa34c90000 - 0x00007ffa34e87000 	C:\windows\SYSTEM32\ntdll.dll
0x00007ffa33cf0000 - 0x00007ffa33dad000 	C:\windows\System32\KERNEL32.DLL
0x00007ffa32370000 - 0x00007ffa32666000 	C:\windows\System32\KERNELBASE.dll
0x00007ffa327e0000 - 0x00007ffa328e0000 	C:\windows\System32\ucrtbase.dll
0x00007ffa16640000 - 0x00007ffa16657000 	C:\Program Files\JetBrains\IntelliJ IDEA Community Edition 2023.1.1\jbr\bin\jli.dll
0x00007ffa0de00000 - 0x00007ffa0de1b000 	C:\Program Files\JetBrains\IntelliJ IDEA Community Edition 2023.1.1\jbr\bin\VCRUNTIME140.dll
0x00007ffa34060000 - 0x00007ffa341fe000 	C:\windows\System32\USER32.dll
0x00007ffa16e60000 - 0x00007ffa170fa000 	C:\windows\WinSxS\amd64_microsoft.windows.common-controls_6595b64144ccf1df_6.0.19041.3570_none_60bb2a3971f3e41a\COMCTL32.dll
0x00007ffa32670000 - 0x00007ffa32692000 	C:\windows\System32\win32u.dll
0x00007ffa34c10000 - 0x00007ffa34c3c000 	C:\windows\System32\GDI32.dll
0x00007ffa32bd0000 - 0x00007ffa32cea000 	C:\windows\System32\gdi32full.dll
0x00007ffa328e0000 - 0x00007ffa3297d000 	C:\windows\System32\msvcp_win.dll
0x00007ffa34390000 - 0x00007ffa3442e000 	C:\windows\System32\msvcrt.dll
0x00007ffa33db0000 - 0x00007ffa33de0000 	C:\windows\System32\IMM32.DLL
0x00007ffa01dd0000 - 0x00007ffa01e74000 	C:\Program Files\McAfee\Endpoint Security\Threat Prevention\Ips\EpMPApi.dll
0x00007ffa33de0000 - 0x00007ffa33f06000 	C:\windows\System32\RPCRT4.dll
0x00007ffa349a0000 - 0x00007ffa34a4e000 	C:\windows\System32\ADVAPI32.dll
0x00007ffa33fc0000 - 0x00007ffa3405c000 	C:\windows\System32\sechost.dll
0x00007ffa32b60000 - 0x00007ffa32bc7000 	C:\windows\System32\WINTRUST.dll
0x00007ffa32a00000 - 0x00007ffa32b5d000 	C:\windows\System32\CRYPT32.dll
0x00007ffa31e70000 - 0x00007ffa31e82000 	C:\windows\SYSTEM32\MSASN1.dll
0x0000000058530000 - 0x000000005853c000 	C:\Program Files\McAfee\Endpoint Security\Threat Prevention\Ips\EpMPThe.dll
0x00007ffa01a80000 - 0x00007ffa01adb000 	C:\Program Files\McAfee\Endpoint Security\Threat Prevention\Ips\HIPHandlers64.dll
0x00007ffa32d00000 - 0x00007ffa33444000 	C:\windows\System32\SHELL32.dll
0x00007ffa33500000 - 0x00007ffa33555000 	C:\windows\System32\SHLWAPI.dll
0x00007ffa30540000 - 0x00007ffa30724000 	C:\windows\SYSTEM32\dbghelp.dll
0x00007ffa0f9f0000 - 0x00007ffa0f9fc000 	C:\Program Files\JetBrains\IntelliJ IDEA Community Edition 2023.1.1\jbr\bin\vcruntime140_1.dll
0x00007ffa050d0000 - 0x00007ffa0515d000 	C:\Program Files\JetBrains\IntelliJ IDEA Community Edition 2023.1.1\jbr\bin\msvcp140.dll
0x00007ff9e0450000 - 0x00007ff9e10be000 	C:\Program Files\JetBrains\IntelliJ IDEA Community Edition 2023.1.1\jbr\bin\server\jvm.dll
0x00007ffa2e150000 - 0x00007ffa2e159000 	C:\windows\SYSTEM32\WSOCK32.dll
0x00007ffa29a00000 - 0x00007ffa29a0a000 	C:\windows\SYSTEM32\VERSION.dll
0x00007ffa189f0000 - 0x00007ffa18a17000 	C:\windows\SYSTEM32\WINMM.dll
0x00007ffa34320000 - 0x00007ffa3438b000 	C:\windows\System32\WS2_32.dll
0x00007ffa30d10000 - 0x00007ffa30d22000 	C:\windows\SYSTEM32\kernel.appcore.dll
0x00007ffa2a320000 - 0x00007ffa2a32a000 	C:\Program Files\JetBrains\IntelliJ IDEA Community Edition 2023.1.1\jbr\bin\jimage.dll
0x00007ffa022a0000 - 0x00007ffa022d4000 	C:\windows\SYSTEM32\dbgcore.DLL
0x00007ffa326a0000 - 0x00007ffa32722000 	C:\windows\System32\bcryptPrimitives.dll
0x00007ffa29380000 - 0x00007ffa293a5000 	C:\Program Files\JetBrains\IntelliJ IDEA Community Edition 2023.1.1\jbr\bin\java.dll
0x00007ffa29120000 - 0x00007ffa29138000 	C:\Program Files\JetBrains\IntelliJ IDEA Community Edition 2023.1.1\jbr\bin\zip.dll
0x00007ffa2fc80000 - 0x00007ffa3041b000 	C:\windows\SYSTEM32\windows.storage.dll
0x00007ffa34430000 - 0x00007ffa34784000 	C:\windows\System32\combase.dll
0x00007ffa31ce0000 - 0x00007ffa31d0d000 	C:\windows\SYSTEM32\Wldp.dll
0x00007ffa33f10000 - 0x00007ffa33fbd000 	C:\windows\System32\SHCORE.dll
0x00007ffa322a0000 - 0x00007ffa322c5000 	C:\windows\SYSTEM32\profapi.dll
0x00007ffa28f30000 - 0x00007ffa28f49000 	C:\Program Files\JetBrains\IntelliJ IDEA Community Edition 2023.1.1\jbr\bin\net.dll
0x00007ffa2a1c0000 - 0x00007ffa2a2ca000 	C:\windows\SYSTEM32\WINHTTP.dll
0x00007ffa31a40000 - 0x00007ffa31aaa000 	C:\windows\system32\mswsock.dll
0x00007ffa28e90000 - 0x00007ffa28ea6000 	C:\Program Files\JetBrains\IntelliJ IDEA Community Edition 2023.1.1\jbr\bin\nio.dll

dbghelp: loaded successfully - version: 4.0.5 - missing functions: none
symbol engine: initialized successfully - sym options: 0x614 - pdb path: .;C:\Program Files\JetBrains\IntelliJ IDEA Community Edition 2023.1.1\jbr\bin;C:\windows\SYSTEM32;C:\windows\WinSxS\amd64_microsoft.windows.common-controls_6595b64144ccf1df_6.0.19041.3570_none_60bb2a3971f3e41a;C:\Program Files\McAfee\Endpoint Security\Threat Prevention\Ips;C:\Program Files\JetBrains\IntelliJ IDEA Community Edition 2023.1.1\jbr\bin\server

VM Arguments:
java_command: git4idea.http.GitAskPassApp Username for 'https://github.com': 
java_class_path (initial): C:/Program Files/JetBrains/IntelliJ IDEA Community Edition 2023.1.1/plugins/vcs-git/lib/git4idea-rt.jar;C:/Program Files/JetBrains/IntelliJ IDEA Community Edition 2023.1.1/lib/externalProcess-rt.jar
Launcher Type: SUN_STANDARD

[Global flags]
     intx CICompilerCount                          = 4                                         {product} {ergonomic}
     uint ConcGCThreads                            = 3                                         {product} {ergonomic}
     uint G1ConcRefinementThreads                  = 10                                        {product} {ergonomic}
   size_t G1HeapRegionSize                         = 1048576                                   {product} {ergonomic}
    uintx GCDrainStackTargetSize                   = 64                                        {product} {ergonomic}
   size_t InitialHeapSize                          = 132120576                                 {product} {ergonomic}
   size_t MarkStackSize                            = 4194304                                   {product} {ergonomic}
   size_t MaxHeapSize                              = 2088763392                                {product} {ergonomic}
   size_t MaxNewSize                               = 1253048320                                {product} {ergonomic}
   size_t MinHeapDeltaBytes                        = 1048576                                   {product} {ergonomic}
   size_t MinHeapSize                              = 8388608                                   {product} {ergonomic}
    uintx NonNMethodCodeHeapSize                   = 5839372                                {pd product} {ergonomic}
    uintx NonProfiledCodeHeapSize                  = 122909434                              {pd product} {ergonomic}
    uintx ProfiledCodeHeapSize                     = 122909434                              {pd product} {ergonomic}
    uintx ReservedCodeCacheSize                    = 251658240                              {pd product} {ergonomic}
     bool SegmentedCodeCache                       = true                                      {product} {ergonomic}
   size_t SoftMaxHeapSize                          = 2088763392                             {manageable} {ergonomic}
     bool UseCompressedClassPointers               = true                           {product lp64_product} {ergonomic}
     bool UseCompressedOops                        = true                           {product lp64_product} {ergonomic}
     bool UseG1GC                                  = true                                      {product} {ergonomic}
     bool UseLargePagesIndividualAllocation        = false                                  {pd product} {ergonomic}

Logging:
Log output configuration:
 #0: stdout all=warning uptime,level,tags
 #1: stderr all=off uptime,level,tags

Environment Variables:
JAVA_HOME=C:\Program Files\Java\jdk-17.0.3.1
PATH=C:\Program Files\Git\mingw64\libexec\git-core;C:\Program Files\Git\mingw64\libexec\git-core;C:\Program Files\Git\mingw64\bin;C:\Program Files\Git\usr\bin;H:\bin;C:\Program Files\Common Files\Oracle\Java\javapath;C:\Program Files (x86)\VMware\VMware Player\bin;C:\windows\system32;C:\windows;C:\windows\System32\Wbem;C:\windows\System32\WindowsPowerShell\v1.0;C:\windows\System32\OpenSSH;C:\Program Files\Java\jdk-17.0.3.1\bin;C:\Qt\Tools\mingw810_64\bin;C:\apache-maven-3.8.5\bin;C:\Program Files\PuTTY;C:\Program Files\leJOS EV3\bin;C:\ProgramData\chocolatey\bin;C:\Program Files\Git\cmd;C:\Users\hardel_mar\AppData\Local\Microsoft\WindowsApps
USERNAME=hardel_mar
DISPLAY=:0.0
LC_ALL=en_US.UTF-8
TERM=xterm-256color
TMPDIR=C:\Users\HARDEL~1\AppData\Local\Temp
OS=Windows_NT
PROCESSOR_IDENTIFIER=Intel64 Family 6 Model 165 Stepping 3, GenuineIntel
TMP=C:\Users\HARDEL~1\AppData\Local\Temp
TEMP=C:\Users\HARDEL~1\AppData\Local\Temp


JNI global refs:
JNI global refs: 8, weak refs: 0

JNI global refs memory usage: 843, weak refs: 209


---------------  S Y S T E M  ---------------

OS:
 Windows 10 , 64 bit Build 19041 (10.0.19041.3570)
OS uptime: 0 days 4:39 hours

CPU: total 12 (initial active 12) (6 cores per cpu, 2 threads per core) family 6 model 165 stepping 3 microcode 0xf6, cx8, cmov, fxsr, ht, mmx, 3dnowpref, sse, sse2, sse3, ssse3, sse4.1, sse4.2, popcnt, lzcnt, tsc, tscinvbit, avx, avx2, aes, erms, clmul, bmi1, bmi2, adx, fma, vzeroupper, clflush, clflushopt

Memory: 4k page, system-wide physical 7967M (369M free)
TotalPageFile size 9247M (AvailPageFile size 0M)
current process WorkingSet (physical memory assigned to process): 43M, peak: 43M
current process commit charge ("private bytes"): 213M, peak: 213M

vm_info: OpenJDK 64-Bit Server VM (17.0.6+10-b829.9) for windows-amd64 JRE (17.0.6+10-b829.9), built on 2023-04-09 by "builduser" with MS VC++ 16.10 / 16.11 (VS2019)

END.
